<?xml version="1.0" encoding="UTF-8"?>
<testng-results ignored="0" total="2" passed="2" failed="0" skipped="0">
  <reporter-output>
  </reporter-output>
  <suite started-at="2024-02-29T12:59:34 IST" name="Suite" finished-at="2024-02-29T12:59:34 IST" duration-ms="62">
    <groups>
    </groups>
    <test started-at="2024-02-29T12:59:34 IST" name="Test" finished-at="2024-02-29T12:59:34 IST" duration-ms="62">
      <class name="loan.HomeLoan">
        <test-method signature="homeLoanEligibility()[pri:0, instance:loan.HomeLoan@add0edd]" started-at="2024-02-29T12:59:34 IST" name="homeLoanEligibility" finished-at="2024-02-29T12:59:34 IST" duration-ms="7" status="PASS">
          <reporter-output>
          </reporter-output>
        </test-method> <!-- homeLoanEligibility -->
        <test-method signature="homeLoanSanction()[pri:0, instance:loan.HomeLoan@add0edd]" started-at="2024-02-29T12:59:34 IST" name="homeLoanSanction" finished-at="2024-02-29T12:59:34 IST" duration-ms="0" status="PASS">
          <reporter-output>
          </reporter-output>
        </test-method> <!-- homeLoanSanction -->
      </class> <!-- loan.HomeLoan -->
    </test> <!-- Test -->
  </suite> <!-- Suite -->
</testng-results>
