<?xml version="1.0" encoding="UTF-8"?>
<testng-results ignored="0" total="2" passed="2" failed="0" skipped="0">
  <reporter-output>
  </reporter-output>
  <suite started-at="2024-02-29T14:00:56 IST" name="Suite" finished-at="2024-02-29T14:00:56 IST" duration-ms="77">
    <groups>
    </groups>
    <test started-at="2024-02-29T14:00:56 IST" name="Test" finished-at="2024-02-29T14:00:56 IST" duration-ms="77">
      <class name="loan.HomeLoan">
        <test-method signature="homeLoanEligibility()[pri:0, instance:loan.HomeLoan@2cdd0d4b]" started-at="2024-02-29T14:00:56 IST" name="homeLoanEligibility" finished-at="2024-02-29T14:00:56 IST" duration-ms="6" status="PASS">
          <reporter-output>
          </reporter-output>
        </test-method> <!-- homeLoanEligibility -->
        <test-method signature="homeLoanSanction()[pri:0, instance:loan.HomeLoan@2cdd0d4b]" started-at="2024-02-29T14:00:56 IST" name="homeLoanSanction" finished-at="2024-02-29T14:00:56 IST" duration-ms="1" status="PASS">
          <reporter-output>
          </reporter-output>
        </test-method> <!-- homeLoanSanction -->
      </class> <!-- loan.HomeLoan -->
    </test> <!-- Test -->
  </suite> <!-- Suite -->
</testng-results>
